2016/02/15 16:04:15 [error] [exception.CDbException] exception 'CDbException' with message 'CDbConnection failed to open the DB connection: SQLSTATE[HY000] [2002] php_network_getaddresses: getaddrinfo failed: No such host is known. ' in E:\projects\yii\framework\db\CDbConnection.php:399
Stack trace:
#0 E:\projects\yii\framework\db\CDbConnection.php(347): CDbConnection->open()
#1 E:\projects\yii\framework\db\CDbConnection.php(325): CDbConnection->setActive(true)
#2 E:\projects\yii\framework\base\CModule.php(394): CDbConnection->init()
#3 E:\projects\yii\framework\base\CApplication.php(459): CModule->getComponent('db')
#4 E:\projects\yii\framework\db\ar\CActiveRecord.php(637): CApplication->getDb()
#5 E:\projects\yii\framework\db\ar\CActiveRecord.php(670): CActiveRecord->getDbConnection()
#6 E:\projects\yii\framework\db\ar\CActiveRecord.php(1474): CActiveRecord->getCommandBuilder()
#7 E:\projects\aircpit\protected\components\Controller.php(33): CActiveRecord->findAll('country_id=:cou...', Array)
#8 E:\projects\yii\framework\web\CWebApplication.php(281): Controller->init()
#9 E:\projects\yii\framework\web\CWebApplication.php(141): CWebApplication->runController('')
#10 E:\projects\yii\framework\base\CApplication.php(185): CWebApplication->processRequest()
#11 E:\projects\aircpit\index.php(13): CApplication->run()
#12 {main}
REQUEST_URI=/projects/aircpit/
---
2016/02/16 15:51:07 [error] [exception.CException] exception 'CException' with message 'CWebApplication and its behaviors do not have a method or closure named "renderPartial".' in E:\projects\yii\framework\base\CComponent.php:266
Stack trace:
#0 E:\projects\aircpit\protected\views\site\pages\_right.php(5): CComponent->__call('renderPartial', Array)
#1 E:\projects\aircpit\protected\views\site\pages\_right.php(5): CWebApplication->renderPartial('user/_top')
#2 E:\projects\yii\framework\web\CBaseController.php(126): require('E:\\projects\\air...')
#3 E:\projects\yii\framework\web\CBaseController.php(95): CBaseController->renderInternal('E:\\projects\\air...', NULL, true)
#4 E:\projects\yii\framework\web\CController.php(869): CBaseController->renderFile('E:\\projects\\air...', NULL, true)
#5 E:\projects\aircpit\protected\views\layouts\main.php(212): CController->renderPartial('pages/_right')
#6 E:\projects\yii\framework\web\CBaseController.php(126): require('E:\\projects\\air...')
#7 E:\projects\yii\framework\web\CBaseController.php(95): CBaseController->renderInternal('E:\\projects\\air...', Array, true)
#8 E:\projects\yii\framework\web\widgets\CContentDecorator.php(76): CBaseController->renderFile('E:\\projects\\air...', Array, true)
#9 E:\projects\yii\framework\web\widgets\CContentDecorator.php(54): CContentDecorator->decorate('<div id="conten...')
#10 E:\projects\yii\framework\web\widgets\COutputProcessor.php(44): CContentDecorator->processOutput('<div id="conten...')
#11 E:\projects\yii\framework\web\CBaseController.php(214): COutputProcessor->run()
#12 E:\projects\yii\framework\web\CBaseController.php(308): CBaseController->endWidget('CContentDecorat...')
#13 E:\projects\aircpit\protected\views\layouts\column1.php(6): CBaseController->endContent()
#14 E:\projects\yii\framework\web\CBaseController.php(126): require('E:\\projects\\air...')
#15 E:\projects\yii\framework\web\CBaseController.php(95): CBaseController->renderInternal('E:\\projects\\air...', Array, true)
#16 E:\projects\yii\framework\web\CController.php(784): CBaseController->renderFile('E:\\projects\\air...', Array, true)
#17 E:\projects\aircpit\protected\controllers\SiteController.php(35): CController->render('index')
#18 E:\projects\yii\framework\web\actions\CInlineAction.php(49): SiteController->actionIndex()
#19 E:\projects\yii\framework\web\CController.php(308): CInlineAction->runWithParams(Array)
#20 E:\projects\yii\framework\web\CController.php(286): CController->runAction(Object(CInlineAction))
#21 E:\projects\yii\framework\web\CController.php(265): CController->runActionWithFilters(Object(CInlineAction), Array)
#22 E:\projects\yii\framework\web\CWebApplication.php(282): CController->run('')
#23 E:\projects\yii\framework\web\CWebApplication.php(141): CWebApplication->runController('')
#24 E:\projects\yii\framework\base\CApplication.php(185): CWebApplication->processRequest()
#25 E:\projects\aircpit\index.php(13): CApplication->run()
#26 {main}
REQUEST_URI=/projects/aircpit/
---
2016/02/16 15:52:03 [error] [exception.CException] exception 'CException' with message 'SiteController cannot find the requested view "user/_top".' in E:\projects\yii\framework\web\CController.php:878
Stack trace:
#0 E:\projects\aircpit\protected\views\site\pages\_right.php(5): CController->renderPartial('user/_top')
#1 E:\projects\yii\framework\web\CBaseController.php(126): require('E:\\projects\\air...')
#2 E:\projects\yii\framework\web\CBaseController.php(95): CBaseController->renderInternal('E:\\projects\\air...', NULL, true)
#3 E:\projects\yii\framework\web\CController.php(869): CBaseController->renderFile('E:\\projects\\air...', NULL, true)
#4 E:\projects\aircpit\protected\views\layouts\main.php(212): CController->renderPartial('pages/_right')
#5 E:\projects\yii\framework\web\CBaseController.php(126): require('E:\\projects\\air...')
#6 E:\projects\yii\framework\web\CBaseController.php(95): CBaseController->renderInternal('E:\\projects\\air...', Array, true)
#7 E:\projects\yii\framework\web\widgets\CContentDecorator.php(76): CBaseController->renderFile('E:\\projects\\air...', Array, true)
#8 E:\projects\yii\framework\web\widgets\CContentDecorator.php(54): CContentDecorator->decorate('<div id="conten...')
#9 E:\projects\yii\framework\web\widgets\COutputProcessor.php(44): CContentDecorator->processOutput('<div id="conten...')
#10 E:\projects\yii\framework\web\CBaseController.php(214): COutputProcessor->run()
#11 E:\projects\yii\framework\web\CBaseController.php(308): CBaseController->endWidget('CContentDecorat...')
#12 E:\projects\aircpit\protected\views\layouts\column1.php(6): CBaseController->endContent()
#13 E:\projects\yii\framework\web\CBaseController.php(126): require('E:\\projects\\air...')
#14 E:\projects\yii\framework\web\CBaseController.php(95): CBaseController->renderInternal('E:\\projects\\air...', Array, true)
#15 E:\projects\yii\framework\web\CController.php(784): CBaseController->renderFile('E:\\projects\\air...', Array, true)
#16 E:\projects\aircpit\protected\controllers\SiteController.php(35): CController->render('index')
#17 E:\projects\yii\framework\web\actions\CInlineAction.php(49): SiteController->actionIndex()
#18 E:\projects\yii\framework\web\CController.php(308): CInlineAction->runWithParams(Array)
#19 E:\projects\yii\framework\web\CController.php(286): CController->runAction(Object(CInlineAction))
#20 E:\projects\yii\framework\web\CController.php(265): CController->runActionWithFilters(Object(CInlineAction), Array)
#21 E:\projects\yii\framework\web\CWebApplication.php(282): CController->run('')
#22 E:\projects\yii\framework\web\CWebApplication.php(141): CWebApplication->runController('')
#23 E:\projects\yii\framework\base\CApplication.php(185): CWebApplication->processRequest()
#24 E:\projects\aircpit\index.php(13): CApplication->run()
#25 {main}
REQUEST_URI=/projects/aircpit/
---
2016/02/16 15:52:06 [error] [exception.CException] exception 'CException' with message 'SiteController cannot find the requested view "user/_top".' in E:\projects\yii\framework\web\CController.php:878
Stack trace:
#0 E:\projects\aircpit\protected\views\site\pages\_right.php(5): CController->renderPartial('user/_top')
#1 E:\projects\yii\framework\web\CBaseController.php(126): require('E:\\projects\\air...')
#2 E:\projects\yii\framework\web\CBaseController.php(95): CBaseController->renderInternal('E:\\projects\\air...', NULL, true)
#3 E:\projects\yii\framework\web\CController.php(869): CBaseController->renderFile('E:\\projects\\air...', NULL, true)
#4 E:\projects\aircpit\protected\views\layouts\main.php(212): CController->renderPartial('pages/_right')
#5 E:\projects\yii\framework\web\CBaseController.php(126): require('E:\\projects\\air...')
#6 E:\projects\yii\framework\web\CBaseController.php(95): CBaseController->renderInternal('E:\\projects\\air...', Array, true)
#7 E:\projects\yii\framework\web\widgets\CContentDecorator.php(76): CBaseController->renderFile('E:\\projects\\air...', Array, true)
#8 E:\projects\yii\framework\web\widgets\CContentDecorator.php(54): CContentDecorator->decorate('<div id="conten...')
#9 E:\projects\yii\framework\web\widgets\COutputProcessor.php(44): CContentDecorator->processOutput('<div id="conten...')
#10 E:\projects\yii\framework\web\CBaseController.php(214): COutputProcessor->run()
#11 E:\projects\yii\framework\web\CBaseController.php(308): CBaseController->endWidget('CContentDecorat...')
#12 E:\projects\aircpit\protected\views\layouts\column1.php(6): CBaseController->endContent()
#13 E:\projects\yii\framework\web\CBaseController.php(126): require('E:\\projects\\air...')
#14 E:\projects\yii\framework\web\CBaseController.php(95): CBaseController->renderInternal('E:\\projects\\air...', Array, true)
#15 E:\projects\yii\framework\web\CController.php(784): CBaseController->renderFile('E:\\projects\\air...', Array, true)
#16 E:\projects\aircpit\protected\controllers\SiteController.php(35): CController->render('index')
#17 E:\projects\yii\framework\web\actions\CInlineAction.php(49): SiteController->actionIndex()
#18 E:\projects\yii\framework\web\CController.php(308): CInlineAction->runWithParams(Array)
#19 E:\projects\yii\framework\web\CController.php(286): CController->runAction(Object(CInlineAction))
#20 E:\projects\yii\framework\web\CController.php(265): CController->runActionWithFilters(Object(CInlineAction), Array)
#21 E:\projects\yii\framework\web\CWebApplication.php(282): CController->run('')
#22 E:\projects\yii\framework\web\CWebApplication.php(141): CWebApplication->runController('')
#23 E:\projects\yii\framework\base\CApplication.php(185): CWebApplication->processRequest()
#24 E:\projects\aircpit\index.php(13): CApplication->run()
#25 {main}
REQUEST_URI=/projects/aircpit/
---
2016/02/16 15:52:19 [error] [exception.CException] exception 'CException' with message 'SiteController cannot find the requested view "_top".' in E:\projects\yii\framework\web\CController.php:878
Stack trace:
#0 E:\projects\aircpit\protected\views\site\pages\_right.php(5): CController->renderPartial('_top')
#1 E:\projects\yii\framework\web\CBaseController.php(126): require('E:\\projects\\air...')
#2 E:\projects\yii\framework\web\CBaseController.php(95): CBaseController->renderInternal('E:\\projects\\air...', NULL, true)
#3 E:\projects\yii\framework\web\CController.php(869): CBaseController->renderFile('E:\\projects\\air...', NULL, true)
#4 E:\projects\aircpit\protected\views\layouts\main.php(212): CController->renderPartial('pages/_right')
#5 E:\projects\yii\framework\web\CBaseController.php(126): require('E:\\projects\\air...')
#6 E:\projects\yii\framework\web\CBaseController.php(95): CBaseController->renderInternal('E:\\projects\\air...', Array, true)
#7 E:\projects\yii\framework\web\widgets\CContentDecorator.php(76): CBaseController->renderFile('E:\\projects\\air...', Array, true)
#8 E:\projects\yii\framework\web\widgets\CContentDecorator.php(54): CContentDecorator->decorate('<div id="conten...')
#9 E:\projects\yii\framework\web\widgets\COutputProcessor.php(44): CContentDecorator->processOutput('<div id="conten...')
#10 E:\projects\yii\framework\web\CBaseController.php(214): COutputProcessor->run()
#11 E:\projects\yii\framework\web\CBaseController.php(308): CBaseController->endWidget('CContentDecorat...')
#12 E:\projects\aircpit\protected\views\layouts\column1.php(6): CBaseController->endContent()
#13 E:\projects\yii\framework\web\CBaseController.php(126): require('E:\\projects\\air...')
#14 E:\projects\yii\framework\web\CBaseController.php(95): CBaseController->renderInternal('E:\\projects\\air...', Array, true)
#15 E:\projects\yii\framework\web\CController.php(784): CBaseController->renderFile('E:\\projects\\air...', Array, true)
#16 E:\projects\aircpit\protected\controllers\SiteController.php(35): CController->render('index')
#17 E:\projects\yii\framework\web\actions\CInlineAction.php(49): SiteController->actionIndex()
#18 E:\projects\yii\framework\web\CController.php(308): CInlineAction->runWithParams(Array)
#19 E:\projects\yii\framework\web\CController.php(286): CController->runAction(Object(CInlineAction))
#20 E:\projects\yii\framework\web\CController.php(265): CController->runActionWithFilters(Object(CInlineAction), Array)
#21 E:\projects\yii\framework\web\CWebApplication.php(282): CController->run('')
#22 E:\projects\yii\framework\web\CWebApplication.php(141): CWebApplication->runController('')
#23 E:\projects\yii\framework\base\CApplication.php(185): CWebApplication->processRequest()
#24 E:\projects\aircpit\index.php(13): CApplication->run()
#25 {main}
REQUEST_URI=/projects/aircpit/
---
2016/02/16 15:57:16 [error] [php] Undefined variable: latest_resumes (E:\projects\aircpit\protected\views\site\_latest_resumes.php:8)
Stack trace:
#0 E:\projects\yii\framework\web\CController.php(869): SiteController->renderFile()
#1 E:\projects\aircpit\protected\views\site\pages\_right.php(5): SiteController->renderPartial()
#2 E:\projects\yii\framework\web\CBaseController.php(126): require()
#3 E:\projects\yii\framework\web\CBaseController.php(95): SiteController->renderInternal()
#4 E:\projects\yii\framework\web\CController.php(869): SiteController->renderFile()
#5 E:\projects\aircpit\protected\views\layouts\main.php(212): SiteController->renderPartial()
#6 E:\projects\yii\framework\web\CBaseController.php(126): require()
#7 E:\projects\yii\framework\web\CBaseController.php(95): SiteController->renderInternal()
#8 E:\projects\yii\framework\web\widgets\CContentDecorator.php(76): SiteController->renderFile()
#9 E:\projects\yii\framework\web\widgets\CContentDecorator.php(54): CContentDecorator->decorate()
#10 E:\projects\yii\framework\web\widgets\COutputProcessor.php(44): CContentDecorator->processOutput()
#11 E:\projects\yii\framework\web\CBaseController.php(214): CContentDecorator->run()
#12 E:\projects\yii\framework\web\CBaseController.php(308): SiteController->endWidget()
#13 E:\projects\aircpit\protected\views\layouts\column1.php(6): SiteController->endContent()
#14 E:\projects\yii\framework\web\CBaseController.php(126): require()
#15 E:\projects\yii\framework\web\CBaseController.php(95): SiteController->renderInternal()
#16 E:\projects\yii\framework\web\CController.php(784): SiteController->renderFile()
#17 E:\projects\aircpit\protected\controllers\SiteController.php(36): SiteController->render()
#18 E:\projects\yii\framework\web\actions\CInlineAction.php(49): SiteController->actionIndex()
#19 E:\projects\yii\framework\web\CController.php(308): CInlineAction->runWithParams()
#20 E:\projects\yii\framework\web\CController.php(286): SiteController->runAction()
#21 E:\projects\yii\framework\web\CController.php(265): SiteController->runActionWithFilters()
#22 E:\projects\yii\framework\web\CWebApplication.php(282): SiteController->run()
#23 E:\projects\yii\framework\web\CWebApplication.php(141): CWebApplication->runController()
#24 E:\projects\yii\framework\base\CApplication.php(185): CWebApplication->processRequest()
#25 E:\projects\aircpit\index.php(13): CWebApplication->run()
REQUEST_URI=/projects/aircpit/
in E:\projects\aircpit\protected\views\site\_latest_resumes.php (8)
in E:\projects\aircpit\protected\views\site\pages\_right.php (5)
in E:\projects\aircpit\protected\views\layouts\main.php (212)
2016/02/16 15:58:18 [error] [php] Undefined variable: latest_resumes (E:\projects\aircpit\protected\views\site\pages\_right.php:5)
Stack trace:
#0 E:\projects\yii\framework\web\CController.php(869): SiteController->renderFile()
#1 E:\projects\aircpit\protected\views\layouts\main.php(212): SiteController->renderPartial()
#2 E:\projects\yii\framework\web\CBaseController.php(126): require()
#3 E:\projects\yii\framework\web\CBaseController.php(95): SiteController->renderInternal()
#4 E:\projects\yii\framework\web\widgets\CContentDecorator.php(76): SiteController->renderFile()
#5 E:\projects\yii\framework\web\widgets\CContentDecorator.php(54): CContentDecorator->decorate()
#6 E:\projects\yii\framework\web\widgets\COutputProcessor.php(44): CContentDecorator->processOutput()
#7 E:\projects\yii\framework\web\CBaseController.php(214): CContentDecorator->run()
#8 E:\projects\yii\framework\web\CBaseController.php(308): SiteController->endWidget()
#9 E:\projects\aircpit\protected\views\layouts\column1.php(6): SiteController->endContent()
#10 E:\projects\yii\framework\web\CBaseController.php(126): require()
#11 E:\projects\yii\framework\web\CBaseController.php(95): SiteController->renderInternal()
#12 E:\projects\yii\framework\web\CController.php(784): SiteController->renderFile()
#13 E:\projects\aircpit\protected\controllers\SiteController.php(36): SiteController->render()
#14 E:\projects\yii\framework\web\actions\CInlineAction.php(49): SiteController->actionIndex()
#15 E:\projects\yii\framework\web\CController.php(308): CInlineAction->runWithParams()
#16 E:\projects\yii\framework\web\CController.php(286): SiteController->runAction()
#17 E:\projects\yii\framework\web\CController.php(265): SiteController->runActionWithFilters()
#18 E:\projects\yii\framework\web\CWebApplication.php(282): SiteController->run()
#19 E:\projects\yii\framework\web\CWebApplication.php(141): CWebApplication->runController()
#20 E:\projects\yii\framework\base\CApplication.php(185): CWebApplication->processRequest()
#21 E:\projects\aircpit\index.php(13): CWebApplication->run()
REQUEST_URI=/projects/aircpit/
in E:\projects\aircpit\protected\views\site\pages\_right.php (5)
in E:\projects\aircpit\protected\views\layouts\main.php (212)
in E:\projects\aircpit\protected\views\layouts\column1.php (6)
2016/02/16 16:03:30 [error] [php] Trying to get property of non-object (E:\projects\aircpit\protected\views\site\_latest_resumes.php:15)
Stack trace:
#0 E:\projects\yii\framework\web\CController.php(869): SiteController->renderFile()
#1 E:\projects\aircpit\protected\views\site\pages\_right.php(5): SiteController->renderPartial()
#2 E:\projects\yii\framework\web\CBaseController.php(126): require()
#3 E:\projects\yii\framework\web\CBaseController.php(95): SiteController->renderInternal()
#4 E:\projects\yii\framework\web\CController.php(869): SiteController->renderFile()
#5 E:\projects\aircpit\protected\views\layouts\main.php(212): SiteController->renderPartial()
#6 E:\projects\yii\framework\web\CBaseController.php(126): require()
#7 E:\projects\yii\framework\web\CBaseController.php(95): SiteController->renderInternal()
#8 E:\projects\yii\framework\web\widgets\CContentDecorator.php(76): SiteController->renderFile()
#9 E:\projects\yii\framework\web\widgets\CContentDecorator.php(54): CContentDecorator->decorate()
#10 E:\projects\yii\framework\web\widgets\COutputProcessor.php(44): CContentDecorator->processOutput()
#11 E:\projects\yii\framework\web\CBaseController.php(214): CContentDecorator->run()
#12 E:\projects\yii\framework\web\CBaseController.php(308): SiteController->endWidget()
#13 E:\projects\aircpit\protected\views\layouts\column1.php(6): SiteController->endContent()
#14 E:\projects\yii\framework\web\CBaseController.php(126): require()
#15 E:\projects\yii\framework\web\CBaseController.php(95): SiteController->renderInternal()
#16 E:\projects\yii\framework\web\CController.php(784): SiteController->renderFile()
#17 E:\projects\aircpit\protected\controllers\SiteController.php(36): SiteController->render()
#18 E:\projects\yii\framework\web\actions\CInlineAction.php(49): SiteController->actionIndex()
#19 E:\projects\yii\framework\web\CController.php(308): CInlineAction->runWithParams()
#20 E:\projects\yii\framework\web\CController.php(286): SiteController->runAction()
#21 E:\projects\yii\framework\web\CController.php(265): SiteController->runActionWithFilters()
#22 E:\projects\yii\framework\web\CWebApplication.php(282): SiteController->run()
#23 E:\projects\yii\framework\web\CWebApplication.php(141): CWebApplication->runController()
#24 E:\projects\yii\framework\base\CApplication.php(185): CWebApplication->processRequest()
#25 E:\projects\aircpit\index.php(13): CWebApplication->run()
REQUEST_URI=/projects/aircpit/index.php?r=site/index
in E:\projects\aircpit\protected\views\site\_latest_resumes.php (15)
in E:\projects\aircpit\protected\views\site\pages\_right.php (5)
in E:\projects\aircpit\protected\views\layouts\main.php (212)
2016/02/16 16:10:10 [error] [php] Trying to get property of non-object (E:\projects\aircpit\protected\views\site\_latest_resumes.php:16)
Stack trace:
#0 E:\projects\yii\framework\web\CController.php(869): SiteController->renderFile()
#1 E:\projects\aircpit\protected\views\site\pages\_right.php(5): SiteController->renderPartial()
#2 E:\projects\yii\framework\web\CBaseController.php(126): require()
#3 E:\projects\yii\framework\web\CBaseController.php(95): SiteController->renderInternal()
#4 E:\projects\yii\framework\web\CController.php(869): SiteController->renderFile()
#5 E:\projects\aircpit\protected\views\layouts\main.php(212): SiteController->renderPartial()
#6 E:\projects\yii\framework\web\CBaseController.php(126): require()
#7 E:\projects\yii\framework\web\CBaseController.php(95): SiteController->renderInternal()
#8 E:\projects\yii\framework\web\widgets\CContentDecorator.php(76): SiteController->renderFile()
#9 E:\projects\yii\framework\web\widgets\CContentDecorator.php(54): CContentDecorator->decorate()
#10 E:\projects\yii\framework\web\widgets\COutputProcessor.php(44): CContentDecorator->processOutput()
#11 E:\projects\yii\framework\web\CBaseController.php(214): CContentDecorator->run()
#12 E:\projects\yii\framework\web\CBaseController.php(308): SiteController->endWidget()
#13 E:\projects\aircpit\protected\views\layouts\column1.php(6): SiteController->endContent()
#14 E:\projects\yii\framework\web\CBaseController.php(126): require()
#15 E:\projects\yii\framework\web\CBaseController.php(95): SiteController->renderInternal()
#16 E:\projects\yii\framework\web\CController.php(784): SiteController->renderFile()
#17 E:\projects\aircpit\protected\controllers\SiteController.php(36): SiteController->render()
#18 E:\projects\yii\framework\web\actions\CInlineAction.php(49): SiteController->actionIndex()
#19 E:\projects\yii\framework\web\CController.php(308): CInlineAction->runWithParams()
#20 E:\projects\yii\framework\web\CController.php(286): SiteController->runAction()
#21 E:\projects\yii\framework\web\CController.php(265): SiteController->runActionWithFilters()
#22 E:\projects\yii\framework\web\CWebApplication.php(282): SiteController->run()
#23 E:\projects\yii\framework\web\CWebApplication.php(141): CWebApplication->runController()
#24 E:\projects\yii\framework\base\CApplication.php(185): CWebApplication->processRequest()
#25 E:\projects\aircpit\index.php(13): CWebApplication->run()
REQUEST_URI=/projects/aircpit/index.php?r=site/index
in E:\projects\aircpit\protected\views\site\_latest_resumes.php (16)
in E:\projects\aircpit\protected\views\site\pages\_right.php (5)
in E:\projects\aircpit\protected\views\layouts\main.php (212)
2016/02/16 16:30:16 [error] [exception.CException] exception 'CException' with message 'Post and its behaviors do not have a method or closure named "getPhoto".' in E:\projects\yii\framework\base\CComponent.php:266
Stack trace:
#0 E:\projects\yii\framework\db\ar\CActiveRecord.php(227): CComponent->__call('getPhoto', Array)
#1 E:\projects\aircpit\protected\views\site\_latest_posts.php(11): CActiveRecord->__call('getPhoto', Array)
#2 E:\projects\aircpit\protected\views\site\_latest_posts.php(11): Post->getPhoto(2)
#3 E:\projects\yii\framework\web\CBaseController.php(126): require('E:\\projects\\air...')
#4 E:\projects\yii\framework\web\CBaseController.php(95): CBaseController->renderInternal('E:\\projects\\air...', NULL, true)
#5 E:\projects\yii\framework\web\CController.php(869): CBaseController->renderFile('E:\\projects\\air...', NULL, true)
#6 E:\projects\aircpit\protected\views\site\pages\_right.php(7): CController->renderPartial('_latest_posts')
#7 E:\projects\yii\framework\web\CBaseController.php(126): require('E:\\projects\\air...')
#8 E:\projects\yii\framework\web\CBaseController.php(95): CBaseController->renderInternal('E:\\projects\\air...', NULL, true)
#9 E:\projects\yii\framework\web\CController.php(869): CBaseController->renderFile('E:\\projects\\air...', NULL, true)
#10 E:\projects\aircpit\protected\views\layouts\main.php(212): CController->renderPartial('pages/_right')
#11 E:\projects\yii\framework\web\CBaseController.php(126): require('E:\\projects\\air...')
#12 E:\projects\yii\framework\web\CBaseController.php(95): CBaseController->renderInternal('E:\\projects\\air...', Array, true)
#13 E:\projects\yii\framework\web\widgets\CContentDecorator.php(76): CBaseController->renderFile('E:\\projects\\air...', Array, true)
#14 E:\projects\yii\framework\web\widgets\CContentDecorator.php(54): CContentDecorator->decorate('<div id="conten...')
#15 E:\projects\yii\framework\web\widgets\COutputProcessor.php(44): CContentDecorator->processOutput('<div id="conten...')
#16 E:\projects\yii\framework\web\CBaseController.php(214): COutputProcessor->run()
#17 E:\projects\yii\framework\web\CBaseController.php(308): CBaseController->endWidget('CContentDecorat...')
#18 E:\projects\aircpit\protected\views\layouts\column1.php(6): CBaseController->endContent()
#19 E:\projects\yii\framework\web\CBaseController.php(126): require('E:\\projects\\air...')
#20 E:\projects\yii\framework\web\CBaseController.php(95): CBaseController->renderInternal('E:\\projects\\air...', Array, true)
#21 E:\projects\yii\framework\web\CController.php(784): CBaseController->renderFile('E:\\projects\\air...', Array, true)
#22 E:\projects\aircpit\protected\controllers\SiteController.php(36): CController->render('index')
#23 E:\projects\yii\framework\web\actions\CInlineAction.php(49): SiteController->actionIndex()
#24 E:\projects\yii\framework\web\CController.php(308): CInlineAction->runWithParams(Array)
#25 E:\projects\yii\framework\web\CController.php(286): CController->runAction(Object(CInlineAction))
#26 E:\projects\yii\framework\web\CController.php(265): CController->runActionWithFilters(Object(CInlineAction), Array)
#27 E:\projects\yii\framework\web\CWebApplication.php(282): CController->run('index')
#28 E:\projects\yii\framework\web\CWebApplication.php(141): CWebApplication->runController('site/index')
#29 E:\projects\yii\framework\base\CApplication.php(185): CWebApplication->processRequest()
#30 E:\projects\aircpit\index.php(13): CApplication->run()
#31 {main}
REQUEST_URI=/projects/aircpit/index.php?r=site/index
---
2016/02/16 16:53:23 [warning] [application] Failed to set unsafe attribute "photo" of "User".
in E:\projects\aircpit\protected\controllers\SiteController.php (172)
in E:\projects\aircpit\index.php (13)
2016/02/16 17:01:55 [error] [php] Missing argument 1 for Post::getLogo(), called in E:\projects\aircpit\protected\views\post\_view.php on line 10 and defined (E:\projects\aircpit\protected\models\Post.php:196)
Stack trace:
#0 E:\projects\yii\framework\web\CBaseController.php(95): PostController->renderInternal()
#1 E:\projects\yii\framework\zii\widgets\CListView.php(291): PostController->renderFile()
#2 E:\projects\yii\framework\zii\widgets\CBaseListView.php(181): CListView->renderItems()
#3 unknown(0): CListView->renderSection()
#4 E:\projects\yii\framework\zii\widgets\CBaseListView.php(164): preg_replace_callback()
#5 E:\projects\yii\framework\zii\widgets\CBaseListView.php(149): CListView->renderContent()
#6 E:\projects\yii\framework\web\CBaseController.php(181): CListView->run()
#7 E:\projects\aircpit\protected\views\post\jobs.php(36): PostController->widget()
#8 E:\projects\yii\framework\web\CBaseController.php(126): require()
#9 E:\projects\yii\framework\web\CBaseController.php(95): PostController->renderInternal()
#10 E:\projects\yii\framework\web\CController.php(869): PostController->renderFile()
#11 E:\projects\yii\framework\web\CController.php(782): PostController->renderPartial()
#12 E:\projects\aircpit\protected\controllers\PostController.php(173): PostController->render()
#13 E:\projects\yii\framework\web\actions\CInlineAction.php(49): PostController->actionJobs()
#14 E:\projects\yii\framework\web\CController.php(308): CInlineAction->runWithParams()
#15 E:\projects\yii\framework\web\filters\CFilterChain.php(133): PostController->runAction()
#16 E:\projects\yii\framework\web\filters\CFilter.php(40): CFilterChain->run()
#17 E:\projects\yii\framework\web\CController.php(1145): CAccessControlFilter->filter()
#18 E:\projects\yii\framework\web\filters\CInlineFilter.php(58): PostController->filterAccessControl()
#19 E:\projects\yii\framework\web\filters\CFilterChain.php(130): CInlineFilter->filter()
#20 E:\projects\yii\framework\web\CController.php(291): CFilterChain->run()
#21 E:\projects\yii\framework\web\CController.php(265): PostController->runActionWithFilters()
#22 E:\projects\yii\framework\web\CWebApplication.php(282): PostController->run()
#23 E:\projects\yii\framework\web\CWebApplication.php(141): CWebApplication->runController()
#24 E:\projects\yii\framework\base\CApplication.php(185): CWebApplication->processRequest()
#25 E:\projects\aircpit\index.php(13): CWebApplication->run()
REQUEST_URI=/projects/aircpit/index.php?r=post/jobs
in E:\projects\aircpit\protected\models\Post.php (196)
in E:\projects\aircpit\protected\views\post\_view.php (10)
in E:\projects\aircpit\protected\views\post\jobs.php (36)
2016/02/16 19:20:35 [warning] [application] Failed to set unsafe attribute "photo" of "User".
in E:\projects\aircpit\protected\controllers\SiteController.php (172)
in E:\projects\aircpit\index.php (13)
2016/02/16 19:20:58 [warning] [application] Failed to set unsafe attribute "photo" of "User".
in E:\projects\aircpit\protected\controllers\SiteController.php (172)
in E:\projects\aircpit\index.php (13)
